<?xml version="1.0" encoding="UTF-8"?>
<coverage generated="1645025884074" clover="3.2.0">
  <project timestamp="1645025884074" name="All files">
    <metrics statements="215" coveredstatements="103" conditionals="121" coveredconditionals="57" methods="41" coveredmethods="11" elements="377" coveredelements="171" complexity="0" loc="215" ncloc="215" packages="2" files="5" classes="5"/>
    <package name="config">
      <metrics statements="1" coveredstatements="1" conditionals="0" coveredconditionals="0" methods="0" coveredmethods="0"/>
      <file name="CSSStub.js" path="D:\SourceCode\React study\react-otus-homework2\config\CSSStub.js">
        <metrics statements="1" coveredstatements="1" conditionals="0" coveredconditionals="0" methods="0" coveredmethods="0"/>
        <line num="1" count="4" type="stmt"/>
      </file>
    </package>
    <package name="src.components">
      <metrics statements="214" coveredstatements="102" conditionals="121" coveredconditionals="57" methods="41" coveredmethods="11"/>
      <file name="BottomPanel.tsx" path="D:\SourceCode\React study\react-otus-homework2\src\components\BottomPanel.tsx">
        <metrics statements="8" coveredstatements="2" conditionals="0" coveredconditionals="0" methods="7" coveredmethods="1"/>
        <line num="12" count="2" type="stmt"/>
        <line num="13" count="2" type="stmt"/>
        <line num="21" count="0" type="stmt"/>
        <line num="28" count="0" type="stmt"/>
        <line num="35" count="0" type="stmt"/>
        <line num="47" count="0" type="stmt"/>
        <line num="54" count="0" type="stmt"/>
        <line num="61" count="0" type="stmt"/>
      </file>
      <file name="Field.tsx" path="D:\SourceCode\React study\react-otus-homework2\src\components\Field.tsx">
        <metrics statements="142" coveredstatements="85" conditionals="89" coveredconditionals="53" methods="22" coveredmethods="7"/>
        <line num="24" count="9" type="stmt"/>
        <line num="25" count="9" type="stmt"/>
        <line num="26" count="9" type="stmt"/>
        <line num="35" count="0" type="cond" truecount="0" falsecount="2"/>
        <line num="36" count="0" type="stmt"/>
        <line num="38" count="0" type="stmt"/>
        <line num="39" count="0" type="stmt"/>
        <line num="40" count="0" type="stmt"/>
        <line num="44" count="2" type="stmt"/>
        <line num="49" count="2" type="stmt"/>
        <line num="50" count="2" type="stmt"/>
        <line num="57" count="0" type="cond" truecount="0" falsecount="2"/>
        <line num="58" count="0" type="stmt"/>
        <line num="60" count="0" type="cond" truecount="0" falsecount="2"/>
        <line num="61" count="0" type="stmt"/>
        <line num="63" count="0" type="stmt"/>
        <line num="75" count="0" type="stmt"/>
        <line num="76" count="0" type="cond" truecount="0" falsecount="2"/>
        <line num="77" count="0" type="stmt"/>
        <line num="78" count="0" type="stmt"/>
        <line num="83" count="0" type="stmt"/>
        <line num="84" count="0" type="stmt"/>
        <line num="88" count="0" type="stmt"/>
        <line num="92" count="0" type="cond" truecount="0" falsecount="2"/>
        <line num="93" count="0" type="stmt"/>
        <line num="94" count="0" type="stmt"/>
        <line num="96" count="0" type="cond" truecount="0" falsecount="2"/>
        <line num="97" count="0" type="stmt"/>
        <line num="99" count="0" type="cond" truecount="0" falsecount="2"/>
        <line num="100" count="0" type="stmt"/>
        <line num="105" count="0" type="stmt"/>
        <line num="106" count="0" type="cond" truecount="0" falsecount="2"/>
        <line num="107" count="0" type="stmt"/>
        <line num="109" count="0" type="stmt"/>
        <line num="110" count="0" type="stmt"/>
        <line num="111" count="0" type="stmt"/>
        <line num="112" count="0" type="stmt"/>
        <line num="113" count="0" type="stmt"/>
        <line num="114" count="0" type="stmt"/>
        <line num="118" count="0" type="stmt"/>
        <line num="123" count="0" type="stmt"/>
        <line num="124" count="0" type="stmt"/>
        <line num="129" count="0" type="cond" truecount="0" falsecount="2"/>
        <line num="130" count="0" type="stmt"/>
        <line num="132" count="0" type="stmt"/>
        <line num="138" count="0" type="stmt"/>
        <line num="146" count="0" type="stmt"/>
        <line num="154" count="3" type="cond" truecount="1" falsecount="1"/>
        <line num="155" count="0" type="stmt"/>
        <line num="158" count="3" type="stmt"/>
        <line num="160" count="3" type="stmt"/>
        <line num="161" count="3" type="stmt"/>
        <line num="162" count="15" type="stmt"/>
        <line num="163" count="15" type="stmt"/>
        <line num="164" count="75" type="stmt"/>
        <line num="165" count="75" type="cond" truecount="2" falsecount="0"/>
        <line num="166" count="40" type="stmt"/>
        <line num="168" count="75" type="stmt"/>
        <line num="170" count="15" type="stmt"/>
        <line num="172" count="3" type="stmt"/>
        <line num="173" count="3" type="cond" truecount="2" falsecount="0"/>
        <line num="174" count="2" type="stmt"/>
        <line num="175" count="12" type="stmt"/>
        <line num="176" count="12" type="stmt"/>
        <line num="177" count="12" type="cond" truecount="2" falsecount="0"/>
        <line num="178" count="7" type="stmt"/>
        <line num="179" count="7" type="stmt"/>
        <line num="182" count="1" type="cond" truecount="1" falsecount="1"/>
        <line num="183" count="1" type="stmt"/>
        <line num="184" count="7" type="stmt"/>
        <line num="185" count="7" type="stmt"/>
        <line num="186" count="7" type="cond" truecount="2" falsecount="0"/>
        <line num="187" count="3" type="stmt"/>
        <line num="188" count="3" type="stmt"/>
        <line num="192" count="3" type="stmt"/>
        <line num="196" count="4" type="cond" truecount="1" falsecount="1"/>
        <line num="197" count="0" type="stmt"/>
        <line num="200" count="4" type="stmt"/>
        <line num="201" count="4" type="stmt"/>
        <line num="202" count="20" type="stmt"/>
        <line num="203" count="20" type="stmt"/>
        <line num="204" count="100" type="stmt"/>
        <line num="206" count="100" type="cond" truecount="2" falsecount="0"/>
        <line num="207" count="80" type="cond" truecount="2" falsecount="0"/>
        <line num="208" count="23" type="stmt"/>
        <line num="210" count="80" type="cond" truecount="2" falsecount="0"/>
        <line num="211" count="64" type="cond" truecount="2" falsecount="0"/>
        <line num="212" count="19" type="stmt"/>
        <line num="215" count="80" type="cond" truecount="2" falsecount="0"/>
        <line num="216" count="64" type="cond" truecount="2" falsecount="0"/>
        <line num="217" count="19" type="stmt"/>
        <line num="222" count="100" type="cond" truecount="2" falsecount="0"/>
        <line num="223" count="80" type="cond" truecount="2" falsecount="0"/>
        <line num="224" count="28" type="stmt"/>
        <line num="226" count="80" type="cond" truecount="2" falsecount="0"/>
        <line num="227" count="64" type="cond" truecount="2" falsecount="0"/>
        <line num="228" count="23" type="stmt"/>
        <line num="231" count="80" type="cond" truecount="2" falsecount="0"/>
        <line num="232" count="64" type="cond" truecount="2" falsecount="0"/>
        <line num="233" count="23" type="stmt"/>
        <line num="238" count="100" type="cond" truecount="2" falsecount="0"/>
        <line num="239" count="80" type="cond" truecount="2" falsecount="0"/>
        <line num="240" count="27" type="stmt"/>
        <line num="244" count="100" type="cond" truecount="2" falsecount="0"/>
        <line num="245" count="80" type="cond" truecount="2" falsecount="0"/>
        <line num="246" count="27" type="stmt"/>
        <line num="249" count="100" type="cond" truecount="4" falsecount="0"/>
        <line num="250" count="83" type="stmt"/>
        <line num="252" count="17" type="cond" truecount="4" falsecount="0"/>
        <line num="253" count="11" type="stmt"/>
        <line num="255" count="6" type="stmt"/>
        <line num="260" count="4" type="stmt"/>
        <line num="268" count="0" type="stmt"/>
        <line num="269" count="0" type="cond" truecount="0" falsecount="2"/>
        <line num="270" count="0" type="stmt"/>
        <line num="271" count="0" type="stmt"/>
        <line num="272" count="0" type="stmt"/>
        <line num="273" count="0" type="stmt"/>
        <line num="277" count="0" type="stmt"/>
        <line num="278" count="0" type="stmt"/>
        <line num="279" count="0" type="stmt"/>
        <line num="280" count="0" type="cond" truecount="0" falsecount="4"/>
        <line num="281" count="0" type="stmt"/>
        <line num="283" count="0" type="stmt"/>
        <line num="288" count="0" type="stmt"/>
        <line num="292" count="2" type="stmt"/>
        <line num="293" count="2" type="stmt"/>
        <line num="294" count="2" type="stmt"/>
        <line num="295" count="2" type="cond" truecount="1" falsecount="1"/>
        <line num="296" count="60" type="stmt"/>
        <line num="299" count="2" type="stmt"/>
        <line num="301" count="2" type="stmt"/>
        <line num="302" count="60" type="stmt"/>
        <line num="303" count="60" type="stmt"/>
        <line num="304" count="60" type="stmt"/>
        <line num="305" count="3000" type="stmt"/>
        <line num="307" count="3000" type="cond" truecount="1" falsecount="1"/>
        <line num="308" count="0" type="stmt"/>
        <line num="310" count="3000" type="stmt"/>
        <line num="312" count="3000" type="stmt"/>
        <line num="318" count="60" type="stmt"/>
        <line num="324" count="2" type="stmt"/>
      </file>
      <file name="HeaderPanel.tsx" path="D:\SourceCode\React study\react-otus-homework2\src\components\HeaderPanel.tsx">
        <metrics statements="14" coveredstatements="7" conditionals="4" coveredconditionals="4" methods="8" coveredmethods="1"/>
        <line num="12" count="4" type="stmt"/>
        <line num="15" count="4" type="cond" truecount="2" falsecount="0"/>
        <line num="16" count="2" type="stmt"/>
        <line num="17" count="0" type="stmt"/>
        <line num="21" count="2" type="cond" truecount="2" falsecount="0"/>
        <line num="22" count="1" type="stmt"/>
        <line num="23" count="0" type="stmt"/>
        <line num="28" count="1" type="stmt"/>
        <line num="29" count="0" type="stmt"/>
        <line num="34" count="4" type="stmt"/>
        <line num="42" count="0" type="stmt"/>
        <line num="49" count="0" type="stmt"/>
        <line num="56" count="0" type="stmt"/>
        <line num="65" count="0" type="stmt"/>
      </file>
      <file name="Wrapper.tsx" path="D:\SourceCode\React study\react-otus-homework2\src\components\Wrapper.tsx">
        <metrics statements="50" coveredstatements="8" conditionals="28" coveredconditionals="0" methods="4" coveredmethods="2"/>
        <line num="24" count="1" type="stmt"/>
        <line num="25" count="1" type="stmt"/>
        <line num="26" count="1" type="stmt"/>
        <line num="27" count="1" type="stmt"/>
        <line num="35" count="1" type="stmt"/>
        <line num="36" count="0" type="cond" truecount="0" falsecount="2"/>
        <line num="37" count="0" type="stmt"/>
        <line num="39" count="0" type="stmt"/>
        <line num="43" count="1" type="stmt"/>
        <line num="44" count="0" type="cond" truecount="0" falsecount="2"/>
        <line num="45" count="0" type="stmt"/>
        <line num="46" count="0" type="stmt"/>
        <line num="47" count="0" type="cond" truecount="0" falsecount="2"/>
        <line num="48" count="0" type="stmt"/>
        <line num="49" count="0" type="stmt"/>
        <line num="50" count="0" type="cond" truecount="0" falsecount="2"/>
        <line num="51" count="0" type="stmt"/>
        <line num="52" count="0" type="stmt"/>
        <line num="53" count="0" type="cond" truecount="0" falsecount="2"/>
        <line num="54" count="0" type="stmt"/>
        <line num="55" count="0" type="stmt"/>
        <line num="56" count="0" type="cond" truecount="0" falsecount="2"/>
        <line num="57" count="0" type="stmt"/>
        <line num="58" count="0" type="stmt"/>
        <line num="59" count="0" type="cond" truecount="0" falsecount="2"/>
        <line num="60" count="0" type="stmt"/>
        <line num="61" count="0" type="stmt"/>
        <line num="62" count="0" type="cond" truecount="0" falsecount="2"/>
        <line num="63" count="0" type="stmt"/>
        <line num="64" count="0" type="stmt"/>
        <line num="65" count="0" type="cond" truecount="0" falsecount="2"/>
        <line num="66" count="0" type="stmt"/>
        <line num="67" count="0" type="stmt"/>
        <line num="68" count="0" type="cond" truecount="0" falsecount="2"/>
        <line num="69" count="0" type="stmt"/>
        <line num="70" count="0" type="stmt"/>
        <line num="71" count="0" type="cond" truecount="0" falsecount="2"/>
        <line num="72" count="0" type="stmt"/>
        <line num="73" count="0" type="stmt"/>
        <line num="74" count="0" type="cond" truecount="0" falsecount="2"/>
        <line num="75" count="0" type="stmt"/>
        <line num="76" count="0" type="stmt"/>
        <line num="77" count="0" type="cond" truecount="0" falsecount="2"/>
        <line num="78" count="0" type="stmt"/>
        <line num="79" count="0" type="stmt"/>
        <line num="80" count="0" type="cond" truecount="0" falsecount="2"/>
        <line num="81" count="0" type="stmt"/>
        <line num="82" count="0" type="stmt"/>
        <line num="87" count="1" type="stmt"/>
        <line num="89" count="1" type="stmt"/>
      </file>
    </package>
  </project>
</coverage>
