{"D:\\SourceCode\\React study\\react-otus-homework2\\config\\CSSStub.js": {"path":"D:\\SourceCode\\React study\\react-otus-homework2\\config\\CSSStub.js","statementMap":{"0":{"start":{"line":1,"column":0},"end":{"line":1,"column":20}}},"fnMap":{},"branchMap":{},"s":{"0":1},"f":{},"b":{},"_coverageSchema":"1a1c01bbd47fc00a2c39e90264f33305004495a9","hash":"1da7867b6b4d4a5b1b13024f53551dbcf599e6df"}
,"D:\\SourceCode\\React study\\react-otus-homework2\\src\\components\\Field.tsx": {"path":"D:\\SourceCode\\React study\\react-otus-homework2\\src\\components\\Field.tsx","statementMap":{"0":{"start":{"line":16,"column":4},"end":{"line":16,"column":17}},"1":{"start":{"line":17,"column":4},"end":{"line":17,"column":31}},"2":{"start":{"line":18,"column":4},"end":{"line":20,"column":6}},"3":{"start":{"line":24,"column":4},"end":{"line":24,"column":44}},"4":{"start":{"line":28,"column":4},"end":{"line":28,"column":40}},"5":{"start":{"line":35,"column":4},"end":{"line":35,"column":63}},"6":{"start":{"line":39,"column":18},"end":{"line":39,"column":20}},"7":{"start":{"line":41,"column":4},"end":{"line":47,"column":5}},"8":{"start":{"line":41,"column":17},"end":{"line":41,"column":18}},"9":{"start":{"line":42,"column":6},"end":{"line":42,"column":16}},"10":{"start":{"line":43,"column":6},"end":{"line":45,"column":7}},"11":{"start":{"line":43,"column":19},"end":{"line":43,"column":20}},"12":{"start":{"line":44,"column":8},"end":{"line":44,"column":45}},"13":{"start":{"line":46,"column":6},"end":{"line":46,"column":23}},"14":{"start":{"line":48,"column":4},"end":{"line":48,"column":17}},"15":{"start":{"line":51,"column":23},"end":{"line":61,"column":3}},"16":{"start":{"line":52,"column":4},"end":{"line":60,"column":5}},"17":{"start":{"line":53,"column":6},"end":{"line":55,"column":9}},"18":{"start":{"line":57,"column":6},"end":{"line":59,"column":9}},"19":{"start":{"line":64,"column":4},"end":{"line":64,"column":32}},"20":{"start":{"line":66,"column":42},"end":{"line":66,"column":52}},"21":{"start":{"line":67,"column":20},"end":{"line":67,"column":62}},"22":{"start":{"line":69,"column":17},"end":{"line":69,"column":19}},"23":{"start":{"line":70,"column":18},"end":{"line":70,"column":19}},"24":{"start":{"line":72,"column":4},"end":{"line":97,"column":5}},"25":{"start":{"line":72,"column":17},"end":{"line":72,"column":18}},"26":{"start":{"line":73,"column":20},"end":{"line":73,"column":29}},"27":{"start":{"line":74,"column":19},"end":{"line":74,"column":21}},"28":{"start":{"line":75,"column":6},"end":{"line":91,"column":7}},"29":{"start":{"line":75,"column":19},"end":{"line":75,"column":20}},"30":{"start":{"line":76,"column":23},"end":{"line":76,"column":38}},"31":{"start":{"line":77,"column":8},"end":{"line":77,"column":18}},"32":{"start":{"line":78,"column":18},"end":{"line":78,"column":22}},"33":{"start":{"line":79,"column":8},"end":{"line":81,"column":9}},"34":{"start":{"line":80,"column":10},"end":{"line":80,"column":24}},"35":{"start":{"line":82,"column":8},"end":{"line":90,"column":10}},"36":{"start":{"line":92,"column":6},"end":{"line":96,"column":8}},"37":{"start":{"line":98,"column":4},"end":{"line":110,"column":6}}},"fnMap":{"0":{"name":"(anonymous_0)","decl":{"start":{"line":15,"column":2},"end":{"line":15,"column":3}},"loc":{"start":{"line":15,"column":37},"end":{"line":21,"column":3}},"line":15},"1":{"name":"(anonymous_1)","decl":{"start":{"line":23,"column":2},"end":{"line":23,"column":3}},"loc":{"start":{"line":23,"column":28},"end":{"line":25,"column":3}},"line":23},"2":{"name":"(anonymous_2)","decl":{"start":{"line":27,"column":2},"end":{"line":27,"column":3}},"loc":{"start":{"line":27,"column":31},"end":{"line":29,"column":3}},"line":27},"3":{"name":"(anonymous_3)","decl":{"start":{"line":31,"column":2},"end":{"line":31,"column":3}},"loc":{"start":{"line":34,"column":13},"end":{"line":36,"column":3}},"line":34},"4":{"name":"(anonymous_4)","decl":{"start":{"line":38,"column":2},"end":{"line":38,"column":3}},"loc":{"start":{"line":38,"column":68},"end":{"line":49,"column":3}},"line":38},"5":{"name":"(anonymous_5)","decl":{"start":{"line":51,"column":23},"end":{"line":51,"column":24}},"loc":{"start":{"line":51,"column":45},"end":{"line":61,"column":3}},"line":51},"6":{"name":"(anonymous_6)","decl":{"start":{"line":63,"column":2},"end":{"line":63,"column":3}},"loc":{"start":{"line":63,"column":11},"end":{"line":111,"column":3}},"line":63}},"branchMap":{"0":{"loc":{"start":{"line":52,"column":4},"end":{"line":60,"column":5}},"type":"if","locations":[{"start":{"line":52,"column":4},"end":{"line":60,"column":5}},{"start":{"line":56,"column":11},"end":{"line":60,"column":5}}],"line":52},"1":{"loc":{"start":{"line":79,"column":8},"end":{"line":81,"column":9}},"type":"if","locations":[{"start":{"line":79,"column":8},"end":{"line":81,"column":9}},{"start":{},"end":{}}],"line":79}},"s":{"0":1,"1":1,"2":1,"3":1,"4":1,"5":0,"6":1,"7":1,"8":1,"9":5,"10":5,"11":5,"12":25,"13":5,"14":1,"15":1,"16":0,"17":0,"18":0,"19":1,"20":1,"21":1,"22":1,"23":1,"24":1,"25":1,"26":5,"27":5,"28":5,"29":5,"30":25,"31":25,"32":25,"33":25,"34":0,"35":25,"36":5,"37":1},"f":{"0":1,"1":1,"2":1,"3":0,"4":1,"5":0,"6":1},"b":{"0":[0,0],"1":[0,25]},"_coverageSchema":"1a1c01bbd47fc00a2c39e90264f33305004495a9","hash":"7a87c4af4f7999ba5fa57d8e62f11b280db89b15"}
,"D:\\SourceCode\\React study\\react-otus-homework2\\src\\components\\Item.tsx": {"path":"D:\\SourceCode\\React study\\react-otus-homework2\\src\\components\\Item.tsx","statementMap":{"0":{"start":{"line":11,"column":2},"end":{"line":19,"column":4}},"1":{"start":{"line":15,"column":21},"end":{"line":15,"column":62}}},"fnMap":{"0":{"name":"Item","decl":{"start":{"line":10,"column":24},"end":{"line":10,"column":28}},"loc":{"start":{"line":10,"column":65},"end":{"line":20,"column":1}},"line":10},"1":{"name":"(anonymous_1)","decl":{"start":{"line":15,"column":15},"end":{"line":15,"column":16}},"loc":{"start":{"line":15,"column":21},"end":{"line":15,"column":62}},"line":15}},"branchMap":{},"s":{"0":25,"1":0},"f":{"0":25,"1":0},"b":{},"_coverageSchema":"1a1c01bbd47fc00a2c39e90264f33305004495a9","hash":"7aa482d2a493e2b445e102c27a8ebeecb5f4fec5"}
,"D:\\SourceCode\\React study\\react-otus-homework2\\src\\components\\Wrapper.tsx": {"path":"D:\\SourceCode\\React study\\react-otus-homework2\\src\\components\\Wrapper.tsx","statementMap":{"0":{"start":{"line":17,"column":4},"end":{"line":17,"column":17}},"1":{"start":{"line":18,"column":4},"end":{"line":18,"column":31}},"2":{"start":{"line":19,"column":4},"end":{"line":19,"column":51}},"3":{"start":{"line":20,"column":4},"end":{"line":27,"column":6}},"4":{"start":{"line":31,"column":4},"end":{"line":31,"column":37}},"5":{"start":{"line":32,"column":4},"end":{"line":32,"column":39}},"6":{"start":{"line":33,"column":4},"end":{"line":33,"column":56}},"7":{"start":{"line":33,"column":37},"end":{"line":33,"column":48}},"8":{"start":{"line":35,"column":4},"end":{"line":35,"column":27}},"9":{"start":{"line":36,"column":4},"end":{"line":36,"column":57}},"10":{"start":{"line":40,"column":4},"end":{"line":40,"column":40}},"11":{"start":{"line":41,"column":4},"end":{"line":41,"column":50}},"12":{"start":{"line":42,"column":4},"end":{"line":42,"column":60}},"13":{"start":{"line":46,"column":4},"end":{"line":46,"column":72}},"14":{"start":{"line":47,"column":4},"end":{"line":47,"column":71}},"15":{"start":{"line":48,"column":4},"end":{"line":53,"column":5}},"16":{"start":{"line":49,"column":6},"end":{"line":52,"column":7}},"17":{"start":{"line":50,"column":8},"end":{"line":50,"column":64}},"18":{"start":{"line":51,"column":8},"end":{"line":51,"column":75}},"19":{"start":{"line":57,"column":4},"end":{"line":57,"column":40}},"20":{"start":{"line":61,"column":16},"end":{"line":61,"column":44}},"21":{"start":{"line":62,"column":18},"end":{"line":62,"column":36}},"22":{"start":{"line":65,"column":4},"end":{"line":69,"column":5}},"23":{"start":{"line":66,"column":6},"end":{"line":66,"column":21}},"24":{"start":{"line":68,"column":6},"end":{"line":68,"column":16}},"25":{"start":{"line":70,"column":4},"end":{"line":80,"column":69}},"26":{"start":{"line":71,"column":26},"end":{"line":71,"column":41}},"27":{"start":{"line":72,"column":24},"end":{"line":72,"column":43}},"28":{"start":{"line":80,"column":20},"end":{"line":80,"column":67}},"29":{"start":{"line":83,"column":16},"end":{"line":88,"column":3}},"30":{"start":{"line":84,"column":4},"end":{"line":87,"column":5}},"31":{"start":{"line":85,"column":6},"end":{"line":85,"column":29}},"32":{"start":{"line":86,"column":6},"end":{"line":86,"column":21}},"33":{"start":{"line":91,"column":18},"end":{"line":91,"column":40}},"34":{"start":{"line":92,"column":18},"end":{"line":92,"column":40}},"35":{"start":{"line":93,"column":4},"end":{"line":95,"column":5}},"36":{"start":{"line":94,"column":6},"end":{"line":94,"column":30}},"37":{"start":{"line":96,"column":4},"end":{"line":98,"column":5}},"38":{"start":{"line":97,"column":6},"end":{"line":97,"column":30}},"39":{"start":{"line":99,"column":4},"end":{"line":99,"column":63}},"40":{"start":{"line":103,"column":4},"end":{"line":103,"column":34}},"41":{"start":{"line":104,"column":33},"end":{"line":104,"column":43}},"42":{"start":{"line":106,"column":4},"end":{"line":108,"column":5}},"43":{"start":{"line":107,"column":6},"end":{"line":107,"column":53}},"44":{"start":{"line":110,"column":4},"end":{"line":112,"column":5}},"45":{"start":{"line":111,"column":6},"end":{"line":111,"column":32}},"46":{"start":{"line":114,"column":4},"end":{"line":116,"column":5}},"47":{"start":{"line":115,"column":6},"end":{"line":115,"column":46}},"48":{"start":{"line":117,"column":4},"end":{"line":125,"column":6}}},"fnMap":{"0":{"name":"(anonymous_0)","decl":{"start":{"line":16,"column":2},"end":{"line":16,"column":3}},"loc":{"start":{"line":16,"column":37},"end":{"line":28,"column":3}},"line":16},"1":{"name":"(anonymous_1)","decl":{"start":{"line":30,"column":2},"end":{"line":30,"column":3}},"loc":{"start":{"line":30,"column":28},"end":{"line":37,"column":3}},"line":30},"2":{"name":"(anonymous_2)","decl":{"start":{"line":33,"column":31},"end":{"line":33,"column":32}},"loc":{"start":{"line":33,"column":37},"end":{"line":33,"column":48}},"line":33},"3":{"name":"(anonymous_3)","decl":{"start":{"line":39,"column":2},"end":{"line":39,"column":3}},"loc":{"start":{"line":39,"column":31},"end":{"line":43,"column":3}},"line":39},"4":{"name":"(anonymous_4)","decl":{"start":{"line":45,"column":2},"end":{"line":45,"column":3}},"loc":{"start":{"line":45,"column":54},"end":{"line":54,"column":3}},"line":45},"5":{"name":"(anonymous_5)","decl":{"start":{"line":56,"column":2},"end":{"line":56,"column":3}},"loc":{"start":{"line":56,"column":15},"end":{"line":58,"column":3}},"line":56},"6":{"name":"(anonymous_6)","decl":{"start":{"line":60,"column":2},"end":{"line":60,"column":3}},"loc":{"start":{"line":60,"column":20},"end":{"line":81,"column":3}},"line":60},"7":{"name":"(anonymous_7)","decl":{"start":{"line":71,"column":12},"end":{"line":71,"column":13}},"loc":{"start":{"line":71,"column":26},"end":{"line":71,"column":41}},"line":71},"8":{"name":"(anonymous_8)","decl":{"start":{"line":72,"column":12},"end":{"line":72,"column":13}},"loc":{"start":{"line":72,"column":24},"end":{"line":72,"column":43}},"line":72},"9":{"name":"(anonymous_9)","decl":{"start":{"line":80,"column":13},"end":{"line":80,"column":14}},"loc":{"start":{"line":80,"column":20},"end":{"line":80,"column":67}},"line":80},"10":{"name":"(anonymous_10)","decl":{"start":{"line":83,"column":16},"end":{"line":83,"column":17}},"loc":{"start":{"line":83,"column":30},"end":{"line":88,"column":3}},"line":83},"11":{"name":"(anonymous_11)","decl":{"start":{"line":90,"column":2},"end":{"line":90,"column":3}},"loc":{"start":{"line":90,"column":34},"end":{"line":100,"column":3}},"line":90},"12":{"name":"(anonymous_12)","decl":{"start":{"line":102,"column":2},"end":{"line":102,"column":3}},"loc":{"start":{"line":102,"column":11},"end":{"line":126,"column":3}},"line":102}},"branchMap":{"0":{"loc":{"start":{"line":48,"column":4},"end":{"line":53,"column":5}},"type":"if","locations":[{"start":{"line":48,"column":4},"end":{"line":53,"column":5}},{"start":{},"end":{}}],"line":48},"1":{"loc":{"start":{"line":49,"column":6},"end":{"line":52,"column":7}},"type":"if","locations":[{"start":{"line":49,"column":6},"end":{"line":52,"column":7}},{"start":{},"end":{}}],"line":49},"2":{"loc":{"start":{"line":65,"column":4},"end":{"line":69,"column":5}},"type":"if","locations":[{"start":{"line":65,"column":4},"end":{"line":69,"column":5}},{"start":{"line":67,"column":11},"end":{"line":69,"column":5}}],"line":65},"3":{"loc":{"start":{"line":84,"column":4},"end":{"line":87,"column":5}},"type":"if","locations":[{"start":{"line":84,"column":4},"end":{"line":87,"column":5}},{"start":{},"end":{}}],"line":84},"4":{"loc":{"start":{"line":93,"column":4},"end":{"line":95,"column":5}},"type":"if","locations":[{"start":{"line":93,"column":4},"end":{"line":95,"column":5}},{"start":{},"end":{}}],"line":93},"5":{"loc":{"start":{"line":96,"column":4},"end":{"line":98,"column":5}},"type":"if","locations":[{"start":{"line":96,"column":4},"end":{"line":98,"column":5}},{"start":{},"end":{}}],"line":96},"6":{"loc":{"start":{"line":106,"column":4},"end":{"line":108,"column":5}},"type":"if","locations":[{"start":{"line":106,"column":4},"end":{"line":108,"column":5}},{"start":{},"end":{}}],"line":106},"7":{"loc":{"start":{"line":110,"column":4},"end":{"line":112,"column":5}},"type":"if","locations":[{"start":{"line":110,"column":4},"end":{"line":112,"column":5}},{"start":{},"end":{}}],"line":110},"8":{"loc":{"start":{"line":114,"column":4},"end":{"line":116,"column":5}},"type":"if","locations":[{"start":{"line":114,"column":4},"end":{"line":116,"column":5}},{"start":{},"end":{}}],"line":114}},"s":{"0":1,"1":1,"2":1,"3":1,"4":1,"5":1,"6":1,"7":0,"8":1,"9":1,"10":1,"11":1,"12":1,"13":1,"14":1,"15":1,"16":1,"17":0,"18":0,"19":0,"20":1,"21":1,"22":1,"23":0,"24":1,"25":1,"26":1,"27":1,"28":0,"29":1,"30":0,"31":0,"32":0,"33":1,"34":1,"35":1,"36":0,"37":1,"38":0,"39":1,"40":2,"41":2,"42":2,"43":0,"44":2,"45":1,"46":1,"47":0,"48":1},"f":{"0":1,"1":1,"2":0,"3":1,"4":1,"5":0,"6":1,"7":1,"8":1,"9":0,"10":0,"11":1,"12":2},"b":{"0":[1,0],"1":[0,1],"2":[0,1],"3":[0,0],"4":[0,1],"5":[0,1],"6":[0,2],"7":[1,1],"8":[0,1]},"_coverageSchema":"1a1c01bbd47fc00a2c39e90264f33305004495a9","hash":"7bd2b5a4bab226736b00d3314727366fa1d6fa42"}
}
