{"D:\\SourceCode\\React study\\react-otus-homework2\\src\\components\\BottomPanel.tsx": {"path":"D:\\SourceCode\\React study\\react-otus-homework2\\src\\components\\BottomPanel.tsx","statementMap":{"0":{"start":{"line":5,"column":25},"end":{"line":30,"column":1}},"1":{"start":{"line":39,"column":2},"end":{"line":96,"column":4}},"2":{"start":{"line":47,"column":31},"end":{"line":47,"column":64}},"3":{"start":{"line":54,"column":31},"end":{"line":54,"column":64}},"4":{"start":{"line":61,"column":31},"end":{"line":61,"column":64}},"5":{"start":{"line":73,"column":31},"end":{"line":73,"column":79}},"6":{"start":{"line":81,"column":12},"end":{"line":81,"column":62}},"7":{"start":{"line":89,"column":31},"end":{"line":89,"column":79}}},"fnMap":{"0":{"name":"BottomPanel","decl":{"start":{"line":38,"column":16},"end":{"line":38,"column":27}},"loc":{"start":{"line":38,"column":64},"end":{"line":97,"column":1}},"line":38},"1":{"name":"(anonymous_1)","decl":{"start":{"line":47,"column":19},"end":{"line":47,"column":20}},"loc":{"start":{"line":47,"column":31},"end":{"line":47,"column":64}},"line":47},"2":{"name":"(anonymous_2)","decl":{"start":{"line":54,"column":19},"end":{"line":54,"column":20}},"loc":{"start":{"line":54,"column":31},"end":{"line":54,"column":64}},"line":54},"3":{"name":"(anonymous_3)","decl":{"start":{"line":61,"column":19},"end":{"line":61,"column":20}},"loc":{"start":{"line":61,"column":31},"end":{"line":61,"column":64}},"line":61},"4":{"name":"(anonymous_4)","decl":{"start":{"line":73,"column":19},"end":{"line":73,"column":20}},"loc":{"start":{"line":73,"column":31},"end":{"line":73,"column":79}},"line":73},"5":{"name":"(anonymous_5)","decl":{"start":{"line":80,"column":19},"end":{"line":80,"column":20}},"loc":{"start":{"line":81,"column":12},"end":{"line":81,"column":62}},"line":81},"6":{"name":"(anonymous_6)","decl":{"start":{"line":89,"column":19},"end":{"line":89,"column":20}},"loc":{"start":{"line":89,"column":31},"end":{"line":89,"column":79}},"line":89}},"branchMap":{},"s":{"0":3,"1":2,"2":0,"3":0,"4":0,"5":0,"6":0,"7":0},"f":{"0":2,"1":0,"2":0,"3":0,"4":0,"5":0,"6":0},"b":{},"_coverageSchema":"1a1c01bbd47fc00a2c39e90264f33305004495a9","hash":"e27775b03bbf602f1d4b332341cb2ec68f2ca785"}
,"D:\\SourceCode\\React study\\react-otus-homework2\\src\\components\\Field.tsx": {"path":"D:\\SourceCode\\React study\\react-otus-homework2\\src\\components\\Field.tsx","statementMap":{"0":{"start":{"line":4,"column":19},"end":{"line":27,"column":1}},"1":{"start":{"line":49,"column":4},"end":{"line":49,"column":17}},"2":{"start":{"line":50,"column":4},"end":{"line":55,"column":6}},"3":{"start":{"line":59,"column":4},"end":{"line":61,"column":5}},"4":{"start":{"line":60,"column":6},"end":{"line":60,"column":13}},"5":{"start":{"line":62,"column":32},"end":{"line":62,"column":75}},"6":{"start":{"line":63,"column":4},"end":{"line":63,"column":79}},"7":{"start":{"line":64,"column":4},"end":{"line":64,"column":52}},"8":{"start":{"line":68,"column":4},"end":{"line":68,"column":50}},"9":{"start":{"line":75,"column":4},"end":{"line":77,"column":5}},"10":{"start":{"line":76,"column":6},"end":{"line":76,"column":18}},"11":{"start":{"line":78,"column":4},"end":{"line":80,"column":5}},"12":{"start":{"line":79,"column":6},"end":{"line":79,"column":18}},"13":{"start":{"line":81,"column":4},"end":{"line":89,"column":6}},"14":{"start":{"line":93,"column":4},"end":{"line":93,"column":46}},"15":{"start":{"line":94,"column":4},"end":{"line":97,"column":5}},"16":{"start":{"line":95,"column":6},"end":{"line":95,"column":52}},"17":{"start":{"line":96,"column":6},"end":{"line":96,"column":64}},"18":{"start":{"line":96,"column":39},"end":{"line":96,"column":50}},"19":{"start":{"line":101,"column":4},"end":{"line":101,"column":50}},"20":{"start":{"line":102,"column":4},"end":{"line":102,"column":29}},"21":{"start":{"line":106,"column":4},"end":{"line":106,"column":73}},"22":{"start":{"line":106,"column":37},"end":{"line":106,"column":48}},"23":{"start":{"line":110,"column":4},"end":{"line":113,"column":5}},"24":{"start":{"line":111,"column":6},"end":{"line":111,"column":38}},"25":{"start":{"line":112,"column":6},"end":{"line":112,"column":13}},"26":{"start":{"line":114,"column":4},"end":{"line":116,"column":5}},"27":{"start":{"line":115,"column":6},"end":{"line":115,"column":75}},"28":{"start":{"line":115,"column":39},"end":{"line":115,"column":50}},"29":{"start":{"line":117,"column":4},"end":{"line":119,"column":5}},"30":{"start":{"line":118,"column":6},"end":{"line":118,"column":63}},"31":{"start":{"line":123,"column":4},"end":{"line":123,"column":21}},"32":{"start":{"line":124,"column":4},"end":{"line":126,"column":5}},"33":{"start":{"line":125,"column":6},"end":{"line":125,"column":13}},"34":{"start":{"line":127,"column":20},"end":{"line":127,"column":38}},"35":{"start":{"line":128,"column":19},"end":{"line":128,"column":29}},"36":{"start":{"line":129,"column":4},"end":{"line":129,"column":19}},"37":{"start":{"line":130,"column":4},"end":{"line":130,"column":25}},"38":{"start":{"line":131,"column":4},"end":{"line":131,"column":32}},"39":{"start":{"line":132,"column":4},"end":{"line":132,"column":56}},"40":{"start":{"line":136,"column":20},"end":{"line":140,"column":5}},"41":{"start":{"line":141,"column":4},"end":{"line":141,"column":56}},"42":{"start":{"line":142,"column":4},"end":{"line":142,"column":32}},"43":{"start":{"line":147,"column":4},"end":{"line":155,"column":5}},"44":{"start":{"line":148,"column":6},"end":{"line":148,"column":79}},"45":{"start":{"line":148,"column":51},"end":{"line":148,"column":77}},"46":{"start":{"line":150,"column":6},"end":{"line":154,"column":8}},"47":{"start":{"line":156,"column":4},"end":{"line":160,"column":7}},"48":{"start":{"line":164,"column":4},"end":{"line":164,"column":33}},"49":{"start":{"line":172,"column":4},"end":{"line":174,"column":5}},"50":{"start":{"line":173,"column":6},"end":{"line":173,"column":62}},"51":{"start":{"line":176,"column":18},"end":{"line":176,"column":20}},"52":{"start":{"line":178,"column":20},"end":{"line":178,"column":21}},"53":{"start":{"line":179,"column":4},"end":{"line":189,"column":5}},"54":{"start":{"line":179,"column":17},"end":{"line":179,"column":18}},"55":{"start":{"line":180,"column":6},"end":{"line":180,"column":16}},"56":{"start":{"line":181,"column":6},"end":{"line":187,"column":7}},"57":{"start":{"line":181,"column":19},"end":{"line":181,"column":20}},"58":{"start":{"line":182,"column":8},"end":{"line":182,"column":38}},"59":{"start":{"line":183,"column":8},"end":{"line":185,"column":9}},"60":{"start":{"line":184,"column":10},"end":{"line":184,"column":22}},"61":{"start":{"line":186,"column":8},"end":{"line":186,"column":21}},"62":{"start":{"line":188,"column":6},"end":{"line":188,"column":23}},"63":{"start":{"line":190,"column":29},"end":{"line":190,"column":77}},"64":{"start":{"line":191,"column":4},"end":{"line":209,"column":5}},"65":{"start":{"line":192,"column":6},"end":{"line":199,"column":7}},"66":{"start":{"line":193,"column":18},"end":{"line":193,"column":58}},"67":{"start":{"line":194,"column":18},"end":{"line":194,"column":57}},"68":{"start":{"line":195,"column":8},"end":{"line":198,"column":9}},"69":{"start":{"line":196,"column":10},"end":{"line":196,"column":26}},"70":{"start":{"line":197,"column":10},"end":{"line":197,"column":22}},"71":{"start":{"line":200,"column":11},"end":{"line":209,"column":5}},"72":{"start":{"line":201,"column":6},"end":{"line":208,"column":7}},"73":{"start":{"line":202,"column":18},"end":{"line":202,"column":58}},"74":{"start":{"line":203,"column":18},"end":{"line":203,"column":57}},"75":{"start":{"line":204,"column":8},"end":{"line":207,"column":9}},"76":{"start":{"line":205,"column":10},"end":{"line":205,"column":26}},"77":{"start":{"line":206,"column":10},"end":{"line":206,"column":22}},"78":{"start":{"line":210,"column":4},"end":{"line":210,"column":17}},"79":{"start":{"line":214,"column":4},"end":{"line":216,"column":5}},"80":{"start":{"line":215,"column":6},"end":{"line":215,"column":16}},"81":{"start":{"line":218,"column":35},"end":{"line":218,"column":37}},"82":{"start":{"line":219,"column":4},"end":{"line":277,"column":5}},"83":{"start":{"line":219,"column":17},"end":{"line":219,"column":18}},"84":{"start":{"line":220,"column":6},"end":{"line":220,"column":25}},"85":{"start":{"line":221,"column":6},"end":{"line":276,"column":7}},"86":{"start":{"line":221,"column":19},"end":{"line":221,"column":20}},"87":{"start":{"line":222,"column":8},"end":{"line":222,"column":18}},"88":{"start":{"line":224,"column":8},"end":{"line":238,"column":9}},"89":{"start":{"line":225,"column":10},"end":{"line":227,"column":11}},"90":{"start":{"line":226,"column":12},"end":{"line":226,"column":20}},"91":{"start":{"line":228,"column":10},"end":{"line":232,"column":11}},"92":{"start":{"line":229,"column":12},"end":{"line":231,"column":13}},"93":{"start":{"line":230,"column":14},"end":{"line":230,"column":22}},"94":{"start":{"line":233,"column":10},"end":{"line":237,"column":11}},"95":{"start":{"line":234,"column":12},"end":{"line":236,"column":13}},"96":{"start":{"line":235,"column":14},"end":{"line":235,"column":22}},"97":{"start":{"line":240,"column":8},"end":{"line":254,"column":9}},"98":{"start":{"line":241,"column":10},"end":{"line":243,"column":11}},"99":{"start":{"line":242,"column":12},"end":{"line":242,"column":20}},"100":{"start":{"line":244,"column":10},"end":{"line":248,"column":11}},"101":{"start":{"line":245,"column":12},"end":{"line":247,"column":13}},"102":{"start":{"line":246,"column":14},"end":{"line":246,"column":22}},"103":{"start":{"line":249,"column":10},"end":{"line":253,"column":11}},"104":{"start":{"line":250,"column":12},"end":{"line":252,"column":13}},"105":{"start":{"line":251,"column":14},"end":{"line":251,"column":22}},"106":{"start":{"line":256,"column":8},"end":{"line":260,"column":9}},"107":{"start":{"line":257,"column":10},"end":{"line":259,"column":11}},"108":{"start":{"line":258,"column":12},"end":{"line":258,"column":20}},"109":{"start":{"line":262,"column":8},"end":{"line":266,"column":9}},"110":{"start":{"line":263,"column":10},"end":{"line":265,"column":11}},"111":{"start":{"line":264,"column":12},"end":{"line":264,"column":20}},"112":{"start":{"line":267,"column":8},"end":{"line":275,"column":9}},"113":{"start":{"line":268,"column":10},"end":{"line":268,"column":31}},"114":{"start":{"line":270,"column":10},"end":{"line":274,"column":11}},"115":{"start":{"line":271,"column":12},"end":{"line":271,"column":33}},"116":{"start":{"line":273,"column":12},"end":{"line":273,"column":33}},"117":{"start":{"line":278,"column":4},"end":{"line":278,"column":22}},"118":{"start":{"line":286,"column":35},"end":{"line":286,"column":37}},"119":{"start":{"line":287,"column":4},"end":{"line":305,"column":5}},"120":{"start":{"line":288,"column":6},"end":{"line":293,"column":7}},"121":{"start":{"line":288,"column":19},"end":{"line":288,"column":20}},"122":{"start":{"line":289,"column":8},"end":{"line":289,"column":27}},"123":{"start":{"line":290,"column":8},"end":{"line":292,"column":9}},"124":{"start":{"line":290,"column":21},"end":{"line":290,"column":22}},"125":{"start":{"line":291,"column":10},"end":{"line":291,"column":46}},"126":{"start":{"line":295,"column":6},"end":{"line":304,"column":7}},"127":{"start":{"line":295,"column":19},"end":{"line":295,"column":20}},"128":{"start":{"line":296,"column":8},"end":{"line":296,"column":27}},"129":{"start":{"line":297,"column":8},"end":{"line":303,"column":9}},"130":{"start":{"line":297,"column":21},"end":{"line":297,"column":22}},"131":{"start":{"line":298,"column":10},"end":{"line":302,"column":11}},"132":{"start":{"line":299,"column":12},"end":{"line":299,"column":48}},"133":{"start":{"line":301,"column":12},"end":{"line":301,"column":33}},"134":{"start":{"line":306,"column":4},"end":{"line":306,"column":22}},"135":{"start":{"line":310,"column":42},"end":{"line":310,"column":52}},"136":{"start":{"line":311,"column":42},"end":{"line":311,"column":60}},"137":{"start":{"line":312,"column":4},"end":{"line":314,"column":5}},"138":{"start":{"line":313,"column":6},"end":{"line":313,"column":79}},"139":{"start":{"line":313,"column":51},"end":{"line":313,"column":77}},"140":{"start":{"line":316,"column":17},"end":{"line":316,"column":19}},"141":{"start":{"line":318,"column":4},"end":{"line":340,"column":5}},"142":{"start":{"line":318,"column":17},"end":{"line":318,"column":18}},"143":{"start":{"line":319,"column":20},"end":{"line":319,"column":29}},"144":{"start":{"line":320,"column":19},"end":{"line":320,"column":21}},"145":{"start":{"line":321,"column":6},"end":{"line":334,"column":7}},"146":{"start":{"line":321,"column":19},"end":{"line":321,"column":20}},"147":{"start":{"line":322,"column":23},"end":{"line":322,"column":38}},"148":{"start":{"line":324,"column":8},"end":{"line":328,"column":9}},"149":{"start":{"line":325,"column":10},"end":{"line":325,"column":35}},"150":{"start":{"line":327,"column":10},"end":{"line":327,"column":35}},"151":{"start":{"line":329,"column":8},"end":{"line":333,"column":10}},"152":{"start":{"line":335,"column":6},"end":{"line":339,"column":8}},"153":{"start":{"line":341,"column":4},"end":{"line":347,"column":6}}},"fnMap":{"0":{"name":"(anonymous_0)","decl":{"start":{"line":48,"column":2},"end":{"line":48,"column":3}},"loc":{"start":{"line":48,"column":37},"end":{"line":56,"column":3}},"line":48},"1":{"name":"(anonymous_1)","decl":{"start":{"line":58,"column":2},"end":{"line":58,"column":3}},"loc":{"start":{"line":58,"column":15},"end":{"line":65,"column":3}},"line":58},"2":{"name":"(anonymous_2)","decl":{"start":{"line":67,"column":2},"end":{"line":67,"column":3}},"loc":{"start":{"line":67,"column":31},"end":{"line":69,"column":3}},"line":67},"3":{"name":"(anonymous_3)","decl":{"start":{"line":71,"column":2},"end":{"line":71,"column":3}},"loc":{"start":{"line":74,"column":13},"end":{"line":90,"column":3}},"line":74},"4":{"name":"(anonymous_4)","decl":{"start":{"line":92,"column":2},"end":{"line":92,"column":3}},"loc":{"start":{"line":92,"column":40},"end":{"line":98,"column":3}},"line":92},"5":{"name":"(anonymous_5)","decl":{"start":{"line":96,"column":33},"end":{"line":96,"column":34}},"loc":{"start":{"line":96,"column":39},"end":{"line":96,"column":50}},"line":96},"6":{"name":"(anonymous_6)","decl":{"start":{"line":100,"column":2},"end":{"line":100,"column":3}},"loc":{"start":{"line":100,"column":20},"end":{"line":103,"column":3}},"line":100},"7":{"name":"(anonymous_7)","decl":{"start":{"line":105,"column":2},"end":{"line":105,"column":3}},"loc":{"start":{"line":105,"column":21},"end":{"line":107,"column":3}},"line":105},"8":{"name":"(anonymous_8)","decl":{"start":{"line":106,"column":31},"end":{"line":106,"column":32}},"loc":{"start":{"line":106,"column":37},"end":{"line":106,"column":48}},"line":106},"9":{"name":"(anonymous_9)","decl":{"start":{"line":109,"column":2},"end":{"line":109,"column":3}},"loc":{"start":{"line":109,"column":20},"end":{"line":120,"column":3}},"line":109},"10":{"name":"(anonymous_10)","decl":{"start":{"line":115,"column":33},"end":{"line":115,"column":34}},"loc":{"start":{"line":115,"column":39},"end":{"line":115,"column":50}},"line":115},"11":{"name":"(anonymous_11)","decl":{"start":{"line":122,"column":2},"end":{"line":122,"column":3}},"loc":{"start":{"line":122,"column":21},"end":{"line":133,"column":3}},"line":122},"12":{"name":"(anonymous_12)","decl":{"start":{"line":135,"column":2},"end":{"line":135,"column":3}},"loc":{"start":{"line":135,"column":39},"end":{"line":143,"column":3}},"line":135},"13":{"name":"(anonymous_13)","decl":{"start":{"line":145,"column":2},"end":{"line":145,"column":3}},"loc":{"start":{"line":145,"column":67},"end":{"line":161,"column":3}},"line":145},"14":{"name":"(anonymous_14)","decl":{"start":{"line":148,"column":45},"end":{"line":148,"column":46}},"loc":{"start":{"line":148,"column":51},"end":{"line":148,"column":77}},"line":148},"15":{"name":"(anonymous_15)","decl":{"start":{"line":163,"column":2},"end":{"line":163,"column":3}},"loc":{"start":{"line":163,"column":26},"end":{"line":165,"column":3}},"line":163},"16":{"name":"(anonymous_16)","decl":{"start":{"line":167,"column":2},"end":{"line":167,"column":3}},"loc":{"start":{"line":171,"column":16},"end":{"line":211,"column":3}},"line":171},"17":{"name":"(anonymous_17)","decl":{"start":{"line":213,"column":2},"end":{"line":213,"column":3}},"loc":{"start":{"line":213,"column":69},"end":{"line":279,"column":3}},"line":213},"18":{"name":"(anonymous_18)","decl":{"start":{"line":281,"column":2},"end":{"line":281,"column":3}},"loc":{"start":{"line":285,"column":16},"end":{"line":307,"column":3}},"line":285},"19":{"name":"(anonymous_19)","decl":{"start":{"line":309,"column":2},"end":{"line":309,"column":3}},"loc":{"start":{"line":309,"column":24},"end":{"line":348,"column":3}},"line":309},"20":{"name":"(anonymous_20)","decl":{"start":{"line":313,"column":45},"end":{"line":313,"column":46}},"loc":{"start":{"line":313,"column":51},"end":{"line":313,"column":77}},"line":313}},"branchMap":{"0":{"loc":{"start":{"line":59,"column":4},"end":{"line":61,"column":5}},"type":"if","locations":[{"start":{"line":59,"column":4},"end":{"line":61,"column":5}},{"start":{},"end":{}}],"line":59},"1":{"loc":{"start":{"line":75,"column":4},"end":{"line":77,"column":5}},"type":"if","locations":[{"start":{"line":75,"column":4},"end":{"line":77,"column":5}},{"start":{},"end":{}}],"line":75},"2":{"loc":{"start":{"line":78,"column":4},"end":{"line":80,"column":5}},"type":"if","locations":[{"start":{"line":78,"column":4},"end":{"line":80,"column":5}},{"start":{},"end":{}}],"line":78},"3":{"loc":{"start":{"line":82,"column":6},"end":{"line":88,"column":47}},"type":"binary-expr","locations":[{"start":{"line":82,"column":7},"end":{"line":82,"column":46}},{"start":{"line":83,"column":8},"end":{"line":83,"column":46}},{"start":{"line":84,"column":7},"end":{"line":84,"column":46}},{"start":{"line":85,"column":8},"end":{"line":85,"column":46}},{"start":{"line":86,"column":8},"end":{"line":86,"column":62}},{"start":{"line":87,"column":7},"end":{"line":87,"column":46}},{"start":{"line":88,"column":8},"end":{"line":88,"column":46}}],"line":82},"4":{"loc":{"start":{"line":94,"column":4},"end":{"line":97,"column":5}},"type":"if","locations":[{"start":{"line":94,"column":4},"end":{"line":97,"column":5}},{"start":{},"end":{}}],"line":94},"5":{"loc":{"start":{"line":110,"column":4},"end":{"line":113,"column":5}},"type":"if","locations":[{"start":{"line":110,"column":4},"end":{"line":113,"column":5}},{"start":{},"end":{}}],"line":110},"6":{"loc":{"start":{"line":114,"column":4},"end":{"line":116,"column":5}},"type":"if","locations":[{"start":{"line":114,"column":4},"end":{"line":116,"column":5}},{"start":{},"end":{}}],"line":114},"7":{"loc":{"start":{"line":117,"column":4},"end":{"line":119,"column":5}},"type":"if","locations":[{"start":{"line":117,"column":4},"end":{"line":119,"column":5}},{"start":{},"end":{}}],"line":117},"8":{"loc":{"start":{"line":124,"column":4},"end":{"line":126,"column":5}},"type":"if","locations":[{"start":{"line":124,"column":4},"end":{"line":126,"column":5}},{"start":{},"end":{}}],"line":124},"9":{"loc":{"start":{"line":147,"column":4},"end":{"line":155,"column":5}},"type":"if","locations":[{"start":{"line":147,"column":4},"end":{"line":155,"column":5}},{"start":{"line":149,"column":11},"end":{"line":155,"column":5}}],"line":147},"10":{"loc":{"start":{"line":172,"column":4},"end":{"line":174,"column":5}},"type":"if","locations":[{"start":{"line":172,"column":4},"end":{"line":174,"column":5}},{"start":{},"end":{}}],"line":172},"11":{"loc":{"start":{"line":183,"column":8},"end":{"line":185,"column":9}},"type":"if","locations":[{"start":{"line":183,"column":8},"end":{"line":185,"column":9}},{"start":{},"end":{}}],"line":183},"12":{"loc":{"start":{"line":191,"column":4},"end":{"line":209,"column":5}},"type":"if","locations":[{"start":{"line":191,"column":4},"end":{"line":209,"column":5}},{"start":{"line":200,"column":11},"end":{"line":209,"column":5}}],"line":191},"13":{"loc":{"start":{"line":195,"column":8},"end":{"line":198,"column":9}},"type":"if","locations":[{"start":{"line":195,"column":8},"end":{"line":198,"column":9}},{"start":{},"end":{}}],"line":195},"14":{"loc":{"start":{"line":200,"column":11},"end":{"line":209,"column":5}},"type":"if","locations":[{"start":{"line":200,"column":11},"end":{"line":209,"column":5}},{"start":{},"end":{}}],"line":200},"15":{"loc":{"start":{"line":204,"column":8},"end":{"line":207,"column":9}},"type":"if","locations":[{"start":{"line":204,"column":8},"end":{"line":207,"column":9}},{"start":{},"end":{}}],"line":204},"16":{"loc":{"start":{"line":214,"column":4},"end":{"line":216,"column":5}},"type":"if","locations":[{"start":{"line":214,"column":4},"end":{"line":216,"column":5}},{"start":{},"end":{}}],"line":214},"17":{"loc":{"start":{"line":224,"column":8},"end":{"line":238,"column":9}},"type":"if","locations":[{"start":{"line":224,"column":8},"end":{"line":238,"column":9}},{"start":{},"end":{}}],"line":224},"18":{"loc":{"start":{"line":225,"column":10},"end":{"line":227,"column":11}},"type":"if","locations":[{"start":{"line":225,"column":10},"end":{"line":227,"column":11}},{"start":{},"end":{}}],"line":225},"19":{"loc":{"start":{"line":228,"column":10},"end":{"line":232,"column":11}},"type":"if","locations":[{"start":{"line":228,"column":10},"end":{"line":232,"column":11}},{"start":{},"end":{}}],"line":228},"20":{"loc":{"start":{"line":229,"column":12},"end":{"line":231,"column":13}},"type":"if","locations":[{"start":{"line":229,"column":12},"end":{"line":231,"column":13}},{"start":{},"end":{}}],"line":229},"21":{"loc":{"start":{"line":233,"column":10},"end":{"line":237,"column":11}},"type":"if","locations":[{"start":{"line":233,"column":10},"end":{"line":237,"column":11}},{"start":{},"end":{}}],"line":233},"22":{"loc":{"start":{"line":234,"column":12},"end":{"line":236,"column":13}},"type":"if","locations":[{"start":{"line":234,"column":12},"end":{"line":236,"column":13}},{"start":{},"end":{}}],"line":234},"23":{"loc":{"start":{"line":240,"column":8},"end":{"line":254,"column":9}},"type":"if","locations":[{"start":{"line":240,"column":8},"end":{"line":254,"column":9}},{"start":{},"end":{}}],"line":240},"24":{"loc":{"start":{"line":241,"column":10},"end":{"line":243,"column":11}},"type":"if","locations":[{"start":{"line":241,"column":10},"end":{"line":243,"column":11}},{"start":{},"end":{}}],"line":241},"25":{"loc":{"start":{"line":244,"column":10},"end":{"line":248,"column":11}},"type":"if","locations":[{"start":{"line":244,"column":10},"end":{"line":248,"column":11}},{"start":{},"end":{}}],"line":244},"26":{"loc":{"start":{"line":245,"column":12},"end":{"line":247,"column":13}},"type":"if","locations":[{"start":{"line":245,"column":12},"end":{"line":247,"column":13}},{"start":{},"end":{}}],"line":245},"27":{"loc":{"start":{"line":249,"column":10},"end":{"line":253,"column":11}},"type":"if","locations":[{"start":{"line":249,"column":10},"end":{"line":253,"column":11}},{"start":{},"end":{}}],"line":249},"28":{"loc":{"start":{"line":250,"column":12},"end":{"line":252,"column":13}},"type":"if","locations":[{"start":{"line":250,"column":12},"end":{"line":252,"column":13}},{"start":{},"end":{}}],"line":250},"29":{"loc":{"start":{"line":256,"column":8},"end":{"line":260,"column":9}},"type":"if","locations":[{"start":{"line":256,"column":8},"end":{"line":260,"column":9}},{"start":{},"end":{}}],"line":256},"30":{"loc":{"start":{"line":257,"column":10},"end":{"line":259,"column":11}},"type":"if","locations":[{"start":{"line":257,"column":10},"end":{"line":259,"column":11}},{"start":{},"end":{}}],"line":257},"31":{"loc":{"start":{"line":262,"column":8},"end":{"line":266,"column":9}},"type":"if","locations":[{"start":{"line":262,"column":8},"end":{"line":266,"column":9}},{"start":{},"end":{}}],"line":262},"32":{"loc":{"start":{"line":263,"column":10},"end":{"line":265,"column":11}},"type":"if","locations":[{"start":{"line":263,"column":10},"end":{"line":265,"column":11}},{"start":{},"end":{}}],"line":263},"33":{"loc":{"start":{"line":267,"column":8},"end":{"line":275,"column":9}},"type":"if","locations":[{"start":{"line":267,"column":8},"end":{"line":275,"column":9}},{"start":{"line":269,"column":15},"end":{"line":275,"column":9}}],"line":267},"34":{"loc":{"start":{"line":267,"column":12},"end":{"line":267,"column":34}},"type":"binary-expr","locations":[{"start":{"line":267,"column":12},"end":{"line":267,"column":21}},{"start":{"line":267,"column":25},"end":{"line":267,"column":34}}],"line":267},"35":{"loc":{"start":{"line":270,"column":10},"end":{"line":274,"column":11}},"type":"if","locations":[{"start":{"line":270,"column":10},"end":{"line":274,"column":11}},{"start":{"line":272,"column":17},"end":{"line":274,"column":11}}],"line":270},"36":{"loc":{"start":{"line":270,"column":14},"end":{"line":270,"column":51}},"type":"binary-expr","locations":[{"start":{"line":270,"column":14},"end":{"line":270,"column":36}},{"start":{"line":270,"column":40},"end":{"line":270,"column":51}}],"line":270},"37":{"loc":{"start":{"line":287,"column":4},"end":{"line":305,"column":5}},"type":"if","locations":[{"start":{"line":287,"column":4},"end":{"line":305,"column":5}},{"start":{"line":294,"column":11},"end":{"line":305,"column":5}}],"line":287},"38":{"loc":{"start":{"line":298,"column":10},"end":{"line":302,"column":11}},"type":"if","locations":[{"start":{"line":298,"column":10},"end":{"line":302,"column":11}},{"start":{"line":300,"column":17},"end":{"line":302,"column":11}}],"line":298},"39":{"loc":{"start":{"line":298,"column":14},"end":{"line":298,"column":63}},"type":"binary-expr","locations":[{"start":{"line":298,"column":14},"end":{"line":298,"column":35}},{"start":{"line":298,"column":39},"end":{"line":298,"column":63}}],"line":298},"40":{"loc":{"start":{"line":312,"column":4},"end":{"line":314,"column":5}},"type":"if","locations":[{"start":{"line":312,"column":4},"end":{"line":314,"column":5}},{"start":{},"end":{}}],"line":312},"41":{"loc":{"start":{"line":324,"column":8},"end":{"line":328,"column":9}},"type":"if","locations":[{"start":{"line":324,"column":8},"end":{"line":328,"column":9}},{"start":{"line":326,"column":15},"end":{"line":328,"column":9}}],"line":324}},"s":{"0":3,"1":9,"2":9,"3":0,"4":0,"5":0,"6":0,"7":0,"8":2,"9":0,"10":0,"11":0,"12":0,"13":0,"14":0,"15":0,"16":0,"17":0,"18":0,"19":0,"20":0,"21":0,"22":0,"23":0,"24":0,"25":0,"26":0,"27":0,"28":0,"29":0,"30":0,"31":0,"32":0,"33":0,"34":0,"35":0,"36":0,"37":0,"38":0,"39":0,"40":0,"41":0,"42":0,"43":0,"44":0,"45":0,"46":0,"47":0,"48":0,"49":3,"50":0,"51":3,"52":3,"53":3,"54":3,"55":15,"56":15,"57":15,"58":75,"59":75,"60":34,"61":75,"62":15,"63":3,"64":3,"65":1,"66":20,"67":20,"68":20,"69":6,"70":6,"71":2,"72":2,"73":16,"74":16,"75":16,"76":8,"77":8,"78":3,"79":4,"80":0,"81":4,"82":4,"83":4,"84":20,"85":20,"86":20,"87":100,"88":100,"89":80,"90":23,"91":80,"92":64,"93":19,"94":80,"95":64,"96":19,"97":100,"98":80,"99":28,"100":80,"101":64,"102":23,"103":80,"104":64,"105":23,"106":100,"107":80,"108":27,"109":100,"110":80,"111":27,"112":100,"113":83,"114":17,"115":11,"116":6,"117":4,"118":0,"119":0,"120":0,"121":0,"122":0,"123":0,"124":0,"125":0,"126":0,"127":0,"128":0,"129":0,"130":0,"131":0,"132":0,"133":0,"134":0,"135":2,"136":2,"137":2,"138":2,"139":60,"140":2,"141":2,"142":2,"143":60,"144":60,"145":60,"146":60,"147":3000,"148":3000,"149":0,"150":3000,"151":3000,"152":60,"153":2},"f":{"0":9,"1":0,"2":2,"3":0,"4":0,"5":0,"6":0,"7":0,"8":0,"9":0,"10":0,"11":0,"12":0,"13":0,"14":0,"15":0,"16":3,"17":4,"18":0,"19":2,"20":60},"b":{"0":[0,0],"1":[0,0],"2":[0,0],"3":[0,0,0,0,0,0,0],"4":[0,0],"5":[0,0],"6":[0,0],"7":[0,0],"8":[0,0],"9":[0,0],"10":[0,3],"11":[34,41],"12":[1,2],"13":[6,14],"14":[2,0],"15":[8,8],"16":[0,4],"17":[80,20],"18":[23,57],"19":[64,16],"20":[19,45],"21":[64,16],"22":[19,45],"23":[80,20],"24":[28,52],"25":[64,16],"26":[23,41],"27":[64,16],"28":[23,41],"29":[80,20],"30":[27,53],"31":[80,20],"32":[27,53],"33":[83,17],"34":[100,38],"35":[11,6],"36":[17,10],"37":[0,0],"38":[0,0],"39":[0,0],"40":[2,0],"41":[0,3000]},"_coverageSchema":"1a1c01bbd47fc00a2c39e90264f33305004495a9","hash":"6672040ca6324272cc0997259894fe689fd728f5"}
,"D:\\SourceCode\\React study\\react-otus-homework2\\src\\components\\HeaderPanel.tsx": {"path":"D:\\SourceCode\\React study\\react-otus-homework2\\src\\components\\HeaderPanel.tsx","statementMap":{"0":{"start":{"line":11,"column":25},"end":{"line":48,"column":1}},"1":{"start":{"line":53,"column":2},"end":{"line":80,"column":3}},"2":{"start":{"line":54,"column":4},"end":{"line":61,"column":6}},"3":{"start":{"line":57,"column":29},"end":{"line":57,"column":62}},"4":{"start":{"line":62,"column":9},"end":{"line":80,"column":3}},"5":{"start":{"line":63,"column":4},"end":{"line":70,"column":6}},"6":{"start":{"line":66,"column":29},"end":{"line":66,"column":63}},"7":{"start":{"line":72,"column":4},"end":{"line":79,"column":6}},"8":{"start":{"line":75,"column":29},"end":{"line":75,"column":62}},"9":{"start":{"line":81,"column":2},"end":{"line":124,"column":4}},"10":{"start":{"line":89,"column":31},"end":{"line":89,"column":63}},"11":{"start":{"line":96,"column":31},"end":{"line":96,"column":63}},"12":{"start":{"line":103,"column":31},"end":{"line":103,"column":63}},"13":{"start":{"line":114,"column":31},"end":{"line":114,"column":64}}},"fnMap":{"0":{"name":"HeaderPanel","decl":{"start":{"line":50,"column":24},"end":{"line":50,"column":35}},"loc":{"start":{"line":50,"column":72},"end":{"line":125,"column":1}},"line":50},"1":{"name":"(anonymous_1)","decl":{"start":{"line":57,"column":17},"end":{"line":57,"column":18}},"loc":{"start":{"line":57,"column":29},"end":{"line":57,"column":62}},"line":57},"2":{"name":"(anonymous_2)","decl":{"start":{"line":66,"column":17},"end":{"line":66,"column":18}},"loc":{"start":{"line":66,"column":29},"end":{"line":66,"column":63}},"line":66},"3":{"name":"(anonymous_3)","decl":{"start":{"line":75,"column":17},"end":{"line":75,"column":18}},"loc":{"start":{"line":75,"column":29},"end":{"line":75,"column":62}},"line":75},"4":{"name":"(anonymous_4)","decl":{"start":{"line":89,"column":19},"end":{"line":89,"column":20}},"loc":{"start":{"line":89,"column":31},"end":{"line":89,"column":63}},"line":89},"5":{"name":"(anonymous_5)","decl":{"start":{"line":96,"column":19},"end":{"line":96,"column":20}},"loc":{"start":{"line":96,"column":31},"end":{"line":96,"column":63}},"line":96},"6":{"name":"(anonymous_6)","decl":{"start":{"line":103,"column":19},"end":{"line":103,"column":20}},"loc":{"start":{"line":103,"column":31},"end":{"line":103,"column":63}},"line":103},"7":{"name":"(anonymous_7)","decl":{"start":{"line":114,"column":19},"end":{"line":114,"column":20}},"loc":{"start":{"line":114,"column":31},"end":{"line":114,"column":64}},"line":114}},"branchMap":{"0":{"loc":{"start":{"line":53,"column":2},"end":{"line":80,"column":3}},"type":"if","locations":[{"start":{"line":53,"column":2},"end":{"line":80,"column":3}},{"start":{"line":62,"column":9},"end":{"line":80,"column":3}}],"line":53},"1":{"loc":{"start":{"line":62,"column":9},"end":{"line":80,"column":3}},"type":"if","locations":[{"start":{"line":62,"column":9},"end":{"line":80,"column":3}},{"start":{"line":71,"column":9},"end":{"line":80,"column":3}}],"line":62}},"s":{"0":4,"1":4,"2":2,"3":0,"4":2,"5":1,"6":0,"7":1,"8":0,"9":4,"10":0,"11":0,"12":0,"13":0},"f":{"0":4,"1":0,"2":0,"3":0,"4":0,"5":0,"6":0,"7":0},"b":{"0":[2,2],"1":[1,1]},"_coverageSchema":"1a1c01bbd47fc00a2c39e90264f33305004495a9","hash":"7e07aef5463d349eaea9baa5d29711a17e50e9af"}
,"D:\\SourceCode\\React study\\react-otus-homework2\\src\\components\\Wrapper.tsx": {"path":"D:\\SourceCode\\React study\\react-otus-homework2\\src\\components\\Wrapper.tsx","statementMap":{"0":{"start":{"line":7,"column":21},"end":{"line":10,"column":1}},"1":{"start":{"line":29,"column":4},"end":{"line":29,"column":17}},"2":{"start":{"line":30,"column":4},"end":{"line":30,"column":42}},"3":{"start":{"line":31,"column":4},"end":{"line":36,"column":6}},"4":{"start":{"line":39,"column":18},"end":{"line":45,"column":3}},"5":{"start":{"line":40,"column":4},"end":{"line":44,"column":5}},"6":{"start":{"line":41,"column":6},"end":{"line":41,"column":48}},"7":{"start":{"line":43,"column":6},"end":{"line":43,"column":48}},"8":{"start":{"line":47,"column":23},"end":{"line":88,"column":3}},"9":{"start":{"line":48,"column":4},"end":{"line":87,"column":5}},"10":{"start":{"line":49,"column":6},"end":{"line":49,"column":33}},"11":{"start":{"line":50,"column":6},"end":{"line":50,"column":57}},"12":{"start":{"line":51,"column":11},"end":{"line":87,"column":5}},"13":{"start":{"line":52,"column":6},"end":{"line":52,"column":33}},"14":{"start":{"line":53,"column":6},"end":{"line":53,"column":57}},"15":{"start":{"line":54,"column":11},"end":{"line":87,"column":5}},"16":{"start":{"line":55,"column":6},"end":{"line":55,"column":33}},"17":{"start":{"line":56,"column":6},"end":{"line":56,"column":58}},"18":{"start":{"line":57,"column":11},"end":{"line":87,"column":5}},"19":{"start":{"line":58,"column":6},"end":{"line":58,"column":62}},"20":{"start":{"line":59,"column":6},"end":{"line":59,"column":48}},"21":{"start":{"line":60,"column":11},"end":{"line":87,"column":5}},"22":{"start":{"line":61,"column":6},"end":{"line":61,"column":64}},"23":{"start":{"line":62,"column":6},"end":{"line":62,"column":50}},"24":{"start":{"line":63,"column":11},"end":{"line":87,"column":5}},"25":{"start":{"line":64,"column":6},"end":{"line":64,"column":62}},"26":{"start":{"line":65,"column":6},"end":{"line":65,"column":48}},"27":{"start":{"line":66,"column":11},"end":{"line":87,"column":5}},"28":{"start":{"line":67,"column":6},"end":{"line":67,"column":45}},"29":{"start":{"line":68,"column":6},"end":{"line":68,"column":45}},"30":{"start":{"line":69,"column":11},"end":{"line":87,"column":5}},"31":{"start":{"line":70,"column":6},"end":{"line":70,"column":46}},"32":{"start":{"line":71,"column":6},"end":{"line":71,"column":45}},"33":{"start":{"line":72,"column":11},"end":{"line":87,"column":5}},"34":{"start":{"line":73,"column":6},"end":{"line":73,"column":45}},"35":{"start":{"line":74,"column":6},"end":{"line":74,"column":44}},"36":{"start":{"line":75,"column":11},"end":{"line":87,"column":5}},"37":{"start":{"line":76,"column":6},"end":{"line":76,"column":51}},"38":{"start":{"line":77,"column":6},"end":{"line":77,"column":46}},"39":{"start":{"line":78,"column":11},"end":{"line":87,"column":5}},"40":{"start":{"line":79,"column":6},"end":{"line":79,"column":53}},"41":{"start":{"line":80,"column":6},"end":{"line":80,"column":48}},"42":{"start":{"line":81,"column":11},"end":{"line":87,"column":5}},"43":{"start":{"line":82,"column":6},"end":{"line":82,"column":52}},"44":{"start":{"line":83,"column":6},"end":{"line":83,"column":48}},"45":{"start":{"line":84,"column":11},"end":{"line":87,"column":5}},"46":{"start":{"line":85,"column":6},"end":{"line":85,"column":53}},"47":{"start":{"line":86,"column":6},"end":{"line":86,"column":48}},"48":{"start":{"line":91,"column":4},"end":{"line":113,"column":6}}},"fnMap":{"0":{"name":"(anonymous_0)","decl":{"start":{"line":28,"column":2},"end":{"line":28,"column":3}},"loc":{"start":{"line":28,"column":37},"end":{"line":37,"column":3}},"line":28},"1":{"name":"(anonymous_1)","decl":{"start":{"line":39,"column":18},"end":{"line":39,"column":19}},"loc":{"start":{"line":39,"column":48},"end":{"line":45,"column":3}},"line":39},"2":{"name":"(anonymous_2)","decl":{"start":{"line":47,"column":23},"end":{"line":47,"column":24}},"loc":{"start":{"line":47,"column":52},"end":{"line":88,"column":3}},"line":47},"3":{"name":"(anonymous_3)","decl":{"start":{"line":90,"column":2},"end":{"line":90,"column":3}},"loc":{"start":{"line":90,"column":24},"end":{"line":114,"column":3}},"line":90}},"branchMap":{"0":{"loc":{"start":{"line":40,"column":4},"end":{"line":44,"column":5}},"type":"if","locations":[{"start":{"line":40,"column":4},"end":{"line":44,"column":5}},{"start":{"line":42,"column":11},"end":{"line":44,"column":5}}],"line":40},"1":{"loc":{"start":{"line":48,"column":4},"end":{"line":87,"column":5}},"type":"if","locations":[{"start":{"line":48,"column":4},"end":{"line":87,"column":5}},{"start":{"line":51,"column":11},"end":{"line":87,"column":5}}],"line":48},"2":{"loc":{"start":{"line":51,"column":11},"end":{"line":87,"column":5}},"type":"if","locations":[{"start":{"line":51,"column":11},"end":{"line":87,"column":5}},{"start":{"line":54,"column":11},"end":{"line":87,"column":5}}],"line":51},"3":{"loc":{"start":{"line":54,"column":11},"end":{"line":87,"column":5}},"type":"if","locations":[{"start":{"line":54,"column":11},"end":{"line":87,"column":5}},{"start":{"line":57,"column":11},"end":{"line":87,"column":5}}],"line":54},"4":{"loc":{"start":{"line":57,"column":11},"end":{"line":87,"column":5}},"type":"if","locations":[{"start":{"line":57,"column":11},"end":{"line":87,"column":5}},{"start":{"line":60,"column":11},"end":{"line":87,"column":5}}],"line":57},"5":{"loc":{"start":{"line":60,"column":11},"end":{"line":87,"column":5}},"type":"if","locations":[{"start":{"line":60,"column":11},"end":{"line":87,"column":5}},{"start":{"line":63,"column":11},"end":{"line":87,"column":5}}],"line":60},"6":{"loc":{"start":{"line":63,"column":11},"end":{"line":87,"column":5}},"type":"if","locations":[{"start":{"line":63,"column":11},"end":{"line":87,"column":5}},{"start":{"line":66,"column":11},"end":{"line":87,"column":5}}],"line":63},"7":{"loc":{"start":{"line":66,"column":11},"end":{"line":87,"column":5}},"type":"if","locations":[{"start":{"line":66,"column":11},"end":{"line":87,"column":5}},{"start":{"line":69,"column":11},"end":{"line":87,"column":5}}],"line":66},"8":{"loc":{"start":{"line":69,"column":11},"end":{"line":87,"column":5}},"type":"if","locations":[{"start":{"line":69,"column":11},"end":{"line":87,"column":5}},{"start":{"line":72,"column":11},"end":{"line":87,"column":5}}],"line":69},"9":{"loc":{"start":{"line":72,"column":11},"end":{"line":87,"column":5}},"type":"if","locations":[{"start":{"line":72,"column":11},"end":{"line":87,"column":5}},{"start":{"line":75,"column":11},"end":{"line":87,"column":5}}],"line":72},"10":{"loc":{"start":{"line":75,"column":11},"end":{"line":87,"column":5}},"type":"if","locations":[{"start":{"line":75,"column":11},"end":{"line":87,"column":5}},{"start":{"line":78,"column":11},"end":{"line":87,"column":5}}],"line":75},"11":{"loc":{"start":{"line":78,"column":11},"end":{"line":87,"column":5}},"type":"if","locations":[{"start":{"line":78,"column":11},"end":{"line":87,"column":5}},{"start":{"line":81,"column":11},"end":{"line":87,"column":5}}],"line":78},"12":{"loc":{"start":{"line":81,"column":11},"end":{"line":87,"column":5}},"type":"if","locations":[{"start":{"line":81,"column":11},"end":{"line":87,"column":5}},{"start":{"line":84,"column":11},"end":{"line":87,"column":5}}],"line":81},"13":{"loc":{"start":{"line":84,"column":11},"end":{"line":87,"column":5}},"type":"if","locations":[{"start":{"line":84,"column":11},"end":{"line":87,"column":5}},{"start":{},"end":{}}],"line":84}},"s":{"0":3,"1":1,"2":1,"3":1,"4":1,"5":0,"6":0,"7":0,"8":1,"9":0,"10":0,"11":0,"12":0,"13":0,"14":0,"15":0,"16":0,"17":0,"18":0,"19":0,"20":0,"21":0,"22":0,"23":0,"24":0,"25":0,"26":0,"27":0,"28":0,"29":0,"30":0,"31":0,"32":0,"33":0,"34":0,"35":0,"36":0,"37":0,"38":0,"39":0,"40":0,"41":0,"42":0,"43":0,"44":0,"45":0,"46":0,"47":0,"48":1},"f":{"0":1,"1":0,"2":0,"3":1},"b":{"0":[0,0],"1":[0,0],"2":[0,0],"3":[0,0],"4":[0,0],"5":[0,0],"6":[0,0],"7":[0,0],"8":[0,0],"9":[0,0],"10":[0,0],"11":[0,0],"12":[0,0],"13":[0,0]},"_coverageSchema":"1a1c01bbd47fc00a2c39e90264f33305004495a9","hash":"a293bfde1003281eb0784879f405575518ea9e99"}
}
