TN:
SF:config\CSSStub.js
FNF:0
FNH:0
DA:1,4
LF:1
LH:1
BRF:0
BRH:0
end_of_record
TN:
SF:src\components\BottomPanel.tsx
FN:11,BottomPanel
FN:21,(anonymous_1)
FN:28,(anonymous_2)
FN:35,(anonymous_3)
FN:47,(anonymous_4)
FN:54,(anonymous_5)
FN:61,(anonymous_6)
FNF:7
FNH:1
FNDA:2,BottomPanel
FNDA:0,(anonymous_1)
FNDA:0,(anonymous_2)
FNDA:0,(anonymous_3)
FNDA:0,(anonymous_4)
FNDA:0,(anonymous_5)
FNDA:0,(anonymous_6)
DA:12,2
DA:13,2
DA:21,0
DA:28,0
DA:35,0
DA:47,0
DA:54,0
DA:61,0
LF:8
LH:2
BRF:0
BRH:0
end_of_record
TN:
SF:src\components\Field.tsx
FN:23,(anonymous_0)
FN:34,(anonymous_1)
FN:43,(anonymous_2)
FN:48,(anonymous_3)
FN:53,(anonymous_4)
FN:74,(anonymous_5)
FN:78,(anonymous_6)
FN:82,(anonymous_7)
FN:87,(anonymous_8)
FN:88,(anonymous_9)
FN:91,(anonymous_10)
FN:97,(anonymous_11)
FN:104,(anonymous_12)
FN:117,(anonymous_13)
FN:127,(anonymous_14)
FN:130,(anonymous_15)
FN:145,(anonymous_16)
FN:149,(anonymous_17)
FN:195,(anonymous_18)
FN:263,(anonymous_19)
FN:291,(anonymous_20)
FN:296,(anonymous_21)
FNF:22
FNH:7
FNDA:9,(anonymous_0)
FNDA:0,(anonymous_1)
FNDA:2,(anonymous_2)
FNDA:2,(anonymous_3)
FNDA:0,(anonymous_4)
FNDA:0,(anonymous_5)
FNDA:0,(anonymous_6)
FNDA:0,(anonymous_7)
FNDA:0,(anonymous_8)
FNDA:0,(anonymous_9)
FNDA:0,(anonymous_10)
FNDA:0,(anonymous_11)
FNDA:0,(anonymous_12)
FNDA:0,(anonymous_13)
FNDA:0,(anonymous_14)
FNDA:0,(anonymous_15)
FNDA:0,(anonymous_16)
FNDA:3,(anonymous_17)
FNDA:4,(anonymous_18)
FNDA:0,(anonymous_19)
FNDA:2,(anonymous_20)
FNDA:60,(anonymous_21)
DA:24,9
DA:25,9
DA:26,9
DA:35,0
DA:36,0
DA:38,0
DA:39,0
DA:40,0
DA:44,2
DA:49,2
DA:50,2
DA:57,0
DA:58,0
DA:60,0
DA:61,0
DA:63,0
DA:75,0
DA:76,0
DA:77,0
DA:78,0
DA:83,0
DA:84,0
DA:88,0
DA:92,0
DA:93,0
DA:94,0
DA:96,0
DA:97,0
DA:99,0
DA:100,0
DA:105,0
DA:106,0
DA:107,0
DA:109,0
DA:110,0
DA:111,0
DA:112,0
DA:113,0
DA:114,0
DA:118,0
DA:123,0
DA:124,0
DA:129,0
DA:130,0
DA:132,0
DA:138,0
DA:146,0
DA:154,3
DA:155,0
DA:158,3
DA:160,3
DA:161,3
DA:162,15
DA:163,15
DA:164,75
DA:165,75
DA:166,40
DA:168,75
DA:170,15
DA:172,3
DA:173,3
DA:174,2
DA:175,12
DA:176,12
DA:177,12
DA:178,7
DA:179,7
DA:182,1
DA:183,1
DA:184,7
DA:185,7
DA:186,7
DA:187,3
DA:188,3
DA:192,3
DA:196,4
DA:197,0
DA:200,4
DA:201,4
DA:202,20
DA:203,20
DA:204,100
DA:206,100
DA:207,80
DA:208,23
DA:210,80
DA:211,64
DA:212,19
DA:215,80
DA:216,64
DA:217,19
DA:222,100
DA:223,80
DA:224,28
DA:226,80
DA:227,64
DA:228,23
DA:231,80
DA:232,64
DA:233,23
DA:238,100
DA:239,80
DA:240,27
DA:244,100
DA:245,80
DA:246,27
DA:249,100
DA:250,83
DA:252,17
DA:253,11
DA:255,6
DA:260,4
DA:268,0
DA:269,0
DA:270,0
DA:271,0
DA:272,0
DA:273,0
DA:277,0
DA:278,0
DA:279,0
DA:280,0
DA:281,0
DA:283,0
DA:288,0
DA:292,2
DA:293,2
DA:294,2
DA:295,2
DA:296,60
DA:299,2
DA:301,2
DA:302,60
DA:303,60
DA:304,60
DA:305,3000
DA:307,3000
DA:308,0
DA:310,3000
DA:312,3000
DA:318,60
DA:324,2
LF:142
LH:85
BRDA:35,0,0,0
BRDA:35,0,1,0
BRDA:57,1,0,0
BRDA:57,1,1,0
BRDA:60,2,0,0
BRDA:60,2,1,0
BRDA:64,3,0,0
BRDA:64,3,1,0
BRDA:64,3,2,0
BRDA:64,3,3,0
BRDA:64,3,4,0
BRDA:64,3,5,0
BRDA:64,3,6,0
BRDA:76,4,0,0
BRDA:76,4,1,0
BRDA:92,5,0,0
BRDA:92,5,1,0
BRDA:96,6,0,0
BRDA:96,6,1,0
BRDA:99,7,0,0
BRDA:99,7,1,0
BRDA:106,8,0,0
BRDA:106,8,1,0
BRDA:129,9,0,0
BRDA:129,9,1,0
BRDA:154,10,0,0
BRDA:154,10,1,3
BRDA:165,11,0,40
BRDA:165,11,1,35
BRDA:173,12,0,2
BRDA:173,12,1,1
BRDA:177,13,0,7
BRDA:177,13,1,5
BRDA:182,14,0,1
BRDA:182,14,1,0
BRDA:186,15,0,3
BRDA:186,15,1,4
BRDA:196,16,0,0
BRDA:196,16,1,4
BRDA:206,17,0,80
BRDA:206,17,1,20
BRDA:207,18,0,23
BRDA:207,18,1,57
BRDA:210,19,0,64
BRDA:210,19,1,16
BRDA:211,20,0,19
BRDA:211,20,1,45
BRDA:215,21,0,64
BRDA:215,21,1,16
BRDA:216,22,0,19
BRDA:216,22,1,45
BRDA:222,23,0,80
BRDA:222,23,1,20
BRDA:223,24,0,28
BRDA:223,24,1,52
BRDA:226,25,0,64
BRDA:226,25,1,16
BRDA:227,26,0,23
BRDA:227,26,1,41
BRDA:231,27,0,64
BRDA:231,27,1,16
BRDA:232,28,0,23
BRDA:232,28,1,41
BRDA:238,29,0,80
BRDA:238,29,1,20
BRDA:239,30,0,27
BRDA:239,30,1,53
BRDA:244,31,0,80
BRDA:244,31,1,20
BRDA:245,32,0,27
BRDA:245,32,1,53
BRDA:249,33,0,83
BRDA:249,33,1,17
BRDA:249,34,0,100
BRDA:249,34,1,38
BRDA:252,35,0,11
BRDA:252,35,1,6
BRDA:252,36,0,17
BRDA:252,36,1,10
BRDA:269,37,0,0
BRDA:269,37,1,0
BRDA:280,38,0,0
BRDA:280,38,1,0
BRDA:280,39,0,0
BRDA:280,39,1,0
BRDA:295,40,0,2
BRDA:295,40,1,0
BRDA:307,41,0,0
BRDA:307,41,1,3000
BRF:89
BRH:53
end_of_record
TN:
SF:src\components\HeaderPanel.tsx
FN:11,HeaderPanel
FN:17,(anonymous_1)
FN:23,(anonymous_2)
FN:29,(anonymous_3)
FN:42,(anonymous_4)
FN:49,(anonymous_5)
FN:56,(anonymous_6)
FN:65,(anonymous_7)
FNF:8
FNH:1
FNDA:4,HeaderPanel
FNDA:0,(anonymous_1)
FNDA:0,(anonymous_2)
FNDA:0,(anonymous_3)
FNDA:0,(anonymous_4)
FNDA:0,(anonymous_5)
FNDA:0,(anonymous_6)
FNDA:0,(anonymous_7)
DA:12,4
DA:15,4
DA:16,2
DA:17,0
DA:21,2
DA:22,1
DA:23,0
DA:28,1
DA:29,0
DA:34,4
DA:42,0
DA:49,0
DA:56,0
DA:65,0
LF:14
LH:7
BRDA:15,0,0,2
BRDA:15,0,1,2
BRDA:21,1,0,1
BRDA:21,1,1,1
BRF:4
BRH:4
end_of_record
TN:
SF:src\components\Wrapper.tsx
FN:23,(anonymous_0)
FN:35,(anonymous_1)
FN:43,(anonymous_2)
FN:86,(anonymous_3)
FNF:4
FNH:2
FNDA:1,(anonymous_0)
FNDA:0,(anonymous_1)
FNDA:0,(anonymous_2)
FNDA:1,(anonymous_3)
DA:24,1
DA:25,1
DA:26,1
DA:27,1
DA:35,1
DA:36,0
DA:37,0
DA:39,0
DA:43,1
DA:44,0
DA:45,0
DA:46,0
DA:47,0
DA:48,0
DA:49,0
DA:50,0
DA:51,0
DA:52,0
DA:53,0
DA:54,0
DA:55,0
DA:56,0
DA:57,0
DA:58,0
DA:59,0
DA:60,0
DA:61,0
DA:62,0
DA:63,0
DA:64,0
DA:65,0
DA:66,0
DA:67,0
DA:68,0
DA:69,0
DA:70,0
DA:71,0
DA:72,0
DA:73,0
DA:74,0
DA:75,0
DA:76,0
DA:77,0
DA:78,0
DA:79,0
DA:80,0
DA:81,0
DA:82,0
DA:87,1
DA:89,1
LF:50
LH:8
BRDA:36,0,0,0
BRDA:36,0,1,0
BRDA:44,1,0,0
BRDA:44,1,1,0
BRDA:47,2,0,0
BRDA:47,2,1,0
BRDA:50,3,0,0
BRDA:50,3,1,0
BRDA:53,4,0,0
BRDA:53,4,1,0
BRDA:56,5,0,0
BRDA:56,5,1,0
BRDA:59,6,0,0
BRDA:59,6,1,0
BRDA:62,7,0,0
BRDA:62,7,1,0
BRDA:65,8,0,0
BRDA:65,8,1,0
BRDA:68,9,0,0
BRDA:68,9,1,0
BRDA:71,10,0,0
BRDA:71,10,1,0
BRDA:74,11,0,0
BRDA:74,11,1,0
BRDA:77,12,0,0
BRDA:77,12,1,0
BRDA:80,13,0,0
BRDA:80,13,1,0
BRF:28
BRH:0
end_of_record
