TN:
SF:config\CSSStub.js
FNF:0
FNH:0
DA:1,2
LF:1
LH:1
BRF:0
BRH:0
end_of_record
TN:
SF:src\components\Field.tsx
FN:14,(anonymous_0)
FN:21,(anonymous_1)
FN:33,(anonymous_2)
FN:44,getMembers
FNF:4
FNH:4
FNDA:3,(anonymous_0)
FNDA:3,(anonymous_1)
FNDA:6,(anonymous_2)
FNDA:6,getMembers
DA:15,3
DA:16,3
DA:21,3
DA:22,3
DA:23,0
DA:27,3
DA:34,6
DA:35,6
DA:37,6
DA:38,6
DA:39,6
DA:45,6
DA:47,6
DA:48,120
DA:49,120
DA:50,4800
DA:52,120
DA:54,6
DA:57,6
DA:58,120
DA:59,120
DA:60,120
DA:61,4800
DA:62,4800
DA:63,4800
DA:64,4800
DA:65,3
DA:68,4800
DA:78,120
DA:84,6
LF:30
LH:29
BRDA:22,0,0,0
BRDA:22,0,1,3
BRDA:64,1,0,3
BRDA:64,1,1,4797
BRF:4
BRH:3
end_of_record
TN:
SF:src\components\Item.tsx
FN:10,Item
FN:15,(anonymous_1)
FNF:2
FNH:2
FNDA:4801,Item
FNDA:3,(anonymous_1)
DA:11,4801
DA:15,3
LF:2
LH:2
BRF:0
BRH:0
end_of_record
